[2021-03-20T20:40:01.747] [DEBUG] cheese - login => username:zs,password:123456
[2021-03-20T20:40:01.750] [DEBUG] cheese - zs
[2021-03-20T20:40:01.761] [DEBUG] cheese - null
[2021-03-20T20:40:01.761] [DEBUG] cheese - null
[2021-03-20T20:40:42.694] [DEBUG] cheese - login => username:admin,password:123456
[2021-03-20T20:40:42.695] [DEBUG] cheese - admin
[2021-03-20T20:40:42.705] [DEBUG] cheese - null
[2021-03-20T20:40:42.705] [DEBUG] cheese - null
[2021-03-21T11:40:47.889] [DEBUG] cheese - login => username:111,password:11111111
[2021-03-21T11:40:47.890] [DEBUG] cheese - 111
[2021-03-21T11:40:47.960] [DEBUG] cheese - null
[2021-03-21T11:40:47.960] [DEBUG] cheese - null
[2021-03-21T11:41:36.576] [DEBUG] cheese - login => username:111,password:11111111
[2021-03-21T11:41:36.576] [DEBUG] cheese - 111
[2021-03-21T11:41:36.579] [DEBUG] cheese - null
[2021-03-21T11:41:36.579] [DEBUG] cheese - null
[2021-03-21T11:41:37.545] [DEBUG] cheese - login => username:111,password:11111111
[2021-03-21T11:41:37.546] [DEBUG] cheese - 111
[2021-03-21T11:41:37.549] [DEBUG] cheese - null
[2021-03-21T11:41:37.549] [DEBUG] cheese - null
[2021-03-21T11:41:37.923] [DEBUG] cheese - login => username:111,password:11111111
[2021-03-21T11:41:37.923] [DEBUG] cheese - 111
[2021-03-21T11:41:37.925] [DEBUG] cheese - null
[2021-03-21T11:41:37.925] [DEBUG] cheese - null
[2021-03-21T11:41:38.094] [DEBUG] cheese - login => username:111,password:11111111
[2021-03-21T11:41:38.094] [DEBUG] cheese - 111
[2021-03-21T11:41:38.096] [DEBUG] cheese - null
[2021-03-21T11:41:38.096] [DEBUG] cheese - null
[2021-03-21T11:41:38.255] [DEBUG] cheese - login => username:111,password:11111111
[2021-03-21T11:41:38.255] [DEBUG] cheese - 111
[2021-03-21T11:41:38.257] [DEBUG] cheese - null
[2021-03-21T11:41:38.257] [DEBUG] cheese - null
[2021-03-21T11:43:53.728] [DEBUG] cheese - login => username:1111111,password:11111111
[2021-03-21T11:43:53.729] [DEBUG] cheese - 1111111
[2021-03-21T11:43:53.731] [DEBUG] cheese - null
[2021-03-21T11:43:53.731] [DEBUG] cheese - null
[2021-03-21T11:46:44.181] [DEBUG] cheese - login => username:11111,password:111111111
[2021-03-21T11:46:44.181] [DEBUG] cheese - 11111
[2021-03-21T11:46:44.183] [DEBUG] cheese - null
[2021-03-21T11:46:44.184] [DEBUG] cheese - null
[2021-03-21T11:46:54.019] [DEBUG] cheese - login => username:11111111,password:11111111111
[2021-03-21T11:46:54.020] [DEBUG] cheese - 11111111
[2021-03-21T11:46:54.022] [DEBUG] cheese - null
[2021-03-21T11:46:54.022] [DEBUG] cheese - null
[2021-03-21T11:47:10.489] [DEBUG] cheese - login => username:11111111,password:111111111
[2021-03-21T11:47:10.489] [DEBUG] cheese - 11111111
[2021-03-21T11:47:10.492] [DEBUG] cheese - null
[2021-03-21T11:47:10.492] [DEBUG] cheese - null
[2021-03-21T11:49:00.179] [DEBUG] cheese - login => username:111111,password:111111111
[2021-03-21T11:49:00.179] [DEBUG] cheese - 111111
[2021-03-21T11:49:00.181] [DEBUG] cheese - null
[2021-03-21T11:49:00.181] [DEBUG] cheese - null
[2021-03-21T11:49:20.094] [DEBUG] cheese - login => username:1111,password:1111111
[2021-03-21T11:49:20.094] [DEBUG] cheese - 1111
[2021-03-21T11:49:20.097] [DEBUG] cheese - null
[2021-03-21T11:49:20.097] [DEBUG] cheese - null
[2021-03-21T11:50:25.045] [DEBUG] cheese - login => username:1111111,password:1111111111
[2021-03-21T11:50:25.045] [DEBUG] cheese - 1111111
[2021-03-21T11:50:25.048] [DEBUG] cheese - null
[2021-03-21T11:50:25.048] [DEBUG] cheese - null
[2021-03-21T11:50:25.053] [DEBUG] cheese - login => username:1111111,password:1111111111
[2021-03-21T11:50:25.053] [DEBUG] cheese - 1111111
[2021-03-21T11:50:25.054] [DEBUG] cheese - null
[2021-03-21T11:50:25.054] [DEBUG] cheese - null
[2021-03-21T11:51:43.938] [DEBUG] cheese - login => username:1111,password:1111111
[2021-03-21T11:51:43.938] [DEBUG] cheese - 1111
[2021-03-21T11:51:43.940] [DEBUG] cheese - null
[2021-03-21T11:51:43.940] [DEBUG] cheese - null
[2021-03-21T11:53:32.907] [DEBUG] cheese - login => username:111111,password:11111111
[2021-03-21T11:53:32.907] [DEBUG] cheese - 111111
[2021-03-21T11:53:32.909] [DEBUG] cheese - null
[2021-03-21T11:53:32.909] [DEBUG] cheese - null
[2021-03-21T11:54:17.410] [DEBUG] cheese - login => username:11111,password:111111111
[2021-03-21T11:54:17.411] [DEBUG] cheese - 11111
[2021-03-21T11:54:17.414] [DEBUG] cheese - null
[2021-03-21T11:54:17.414] [DEBUG] cheese - null
[2021-03-21T11:55:02.241] [DEBUG] cheese - login => username:11111,password:11111111
[2021-03-21T11:55:02.241] [DEBUG] cheese - 11111
[2021-03-21T11:55:02.244] [DEBUG] cheese - null
[2021-03-21T11:55:02.244] [DEBUG] cheese - null
[2021-03-21T12:00:43.610] [DEBUG] cheese - login => username:11111,password:11111111
[2021-03-21T12:00:43.611] [DEBUG] cheese - 11111
[2021-03-21T12:00:43.618] [DEBUG] cheese - null
[2021-03-21T12:00:43.619] [DEBUG] cheese - null
[2021-03-21T12:01:07.014] [DEBUG] cheese - login => username:admin,password:123456
[2021-03-21T12:01:07.015] [DEBUG] cheese - admin
[2021-03-21T12:01:07.026] [DEBUG] cheese - null
[2021-03-21T12:01:07.027] [DEBUG] cheese - null
[2021-03-21T12:08:35.803] [DEBUG] cheese - login => username:admin,password:123456
[2021-03-21T12:08:35.804] [DEBUG] cheese - admin
[2021-03-21T12:08:35.808] [DEBUG] cheese - null
[2021-03-21T12:08:35.808] [DEBUG] cheese - null
[2021-03-21T12:08:39.021] [DEBUG] cheese - login => username:admin,password:1234561
[2021-03-21T12:08:39.021] [DEBUG] cheese - admin
[2021-03-21T12:08:39.024] [DEBUG] cheese - null
[2021-03-21T12:08:39.024] [DEBUG] cheese - null
[2021-03-21T12:10:37.037] [DEBUG] cheese - login => username:admin,password:123456
[2021-03-21T12:10:37.037] [DEBUG] cheese - admin
[2021-03-21T12:10:37.039] [DEBUG] cheese - null
[2021-03-21T12:10:37.039] [DEBUG] cheese - null
[2021-03-21T12:11:08.052] [DEBUG] cheese - login => username:2222,password:11111111
[2021-03-21T12:11:08.052] [DEBUG] cheese - 2222
[2021-03-21T12:11:08.054] [DEBUG] cheese - null
[2021-03-21T12:11:08.054] [DEBUG] cheese - null
[2021-03-21T12:11:12.114] [DEBUG] cheese - login => username:2222,password:1111111122
[2021-03-21T12:11:12.115] [DEBUG] cheese - 2222
[2021-03-21T12:11:12.117] [DEBUG] cheese - null
[2021-03-21T12:11:12.117] [DEBUG] cheese - null
[2021-03-21T12:11:20.892] [DEBUG] cheese - login => username:111111,password:1111111111
[2021-03-21T12:11:20.892] [DEBUG] cheese - 111111
[2021-03-21T12:11:20.894] [DEBUG] cheese - null
[2021-03-21T12:11:20.894] [DEBUG] cheese - null
[2021-03-21T12:12:46.853] [DEBUG] cheese - login => username:11111,password:11111111
[2021-03-21T12:12:46.853] [DEBUG] cheese - 11111
[2021-03-21T12:12:46.858] [DEBUG] cheese - null
[2021-03-21T12:12:46.858] [DEBUG] cheese - null
[2021-03-21T12:12:55.051] [DEBUG] cheese - login => username:admin,password:123456
[2021-03-21T12:12:55.051] [DEBUG] cheese - admin
[2021-03-21T12:12:55.052] [DEBUG] cheese - null
[2021-03-21T12:12:55.052] [DEBUG] cheese - null
[2021-03-21T12:16:46.809] [DEBUG] cheese - login => username:admin,password:123456
[2021-03-21T12:16:46.809] [DEBUG] cheese - admin
[2021-03-21T12:16:46.812] [DEBUG] cheese - null
[2021-03-21T12:16:46.812] [DEBUG] cheese - null
[2021-03-21T12:17:11.739] [DEBUG] cheese - login => username:admin,password:123456
[2021-03-21T12:17:11.740] [DEBUG] cheese - admin
[2021-03-21T12:17:11.742] [DEBUG] cheese - null
[2021-03-21T12:17:11.742] [DEBUG] cheese - null
[2021-03-21T12:19:27.826] [DEBUG] cheese - login => username:admin,password:123456
[2021-03-21T12:19:27.827] [DEBUG] cheese - admin
[2021-03-21T12:19:27.832] [DEBUG] cheese - null
[2021-03-21T12:19:27.833] [DEBUG] cheese - null
[2021-03-21T12:22:39.925] [DEBUG] cheese - login => username:admin,password:123456
[2021-03-21T12:22:39.925] [DEBUG] cheese - admin
[2021-03-21T12:22:39.929] [DEBUG] cheese - null
[2021-03-21T12:22:39.929] [DEBUG] cheese - null
[2021-03-21T12:23:08.139] [DEBUG] cheese - login => username:admin,password:123456
[2021-03-21T12:23:08.139] [DEBUG] cheese - admin
[2021-03-21T12:23:08.141] [DEBUG] cheese - null
[2021-03-21T12:23:08.141] [DEBUG] cheese - null
[2021-03-21T13:17:59.092] [DEBUG] cheese - login => username:admin,password:123456
[2021-03-21T13:17:59.094] [DEBUG] cheese - admin
[2021-03-21T13:17:59.142] [DEBUG] cheese - null
[2021-03-21T13:17:59.142] [DEBUG] cheese - null
[2021-03-21T13:18:33.651] [DEBUG] cheese - login => username:admin,password:123456
[2021-03-21T13:18:33.651] [DEBUG] cheese - admin
[2021-03-21T13:18:33.653] [DEBUG] cheese - null
[2021-03-21T13:18:33.653] [DEBUG] cheese - null
[2021-03-21T13:20:23.855] [DEBUG] cheese - login => username:admin,password:123456
[2021-03-21T13:20:23.855] [DEBUG] cheese - admin
[2021-03-21T13:20:23.858] [DEBUG] cheese - null
[2021-03-21T13:20:23.858] [DEBUG] cheese - null
[2021-03-21T13:21:55.780] [DEBUG] cheese - login => username:admin,password:123456
[2021-03-21T13:21:55.780] [DEBUG] cheese - admin
[2021-03-21T13:21:55.783] [DEBUG] cheese - null
[2021-03-21T13:21:55.783] [DEBUG] cheese - null
[2021-03-21T13:22:00.171] [DEBUG] cheese - login => username:admin,password:123456
[2021-03-21T13:22:00.171] [DEBUG] cheese - admin
[2021-03-21T13:22:00.173] [DEBUG] cheese - null
[2021-03-21T13:22:00.173] [DEBUG] cheese - null
[2021-03-21T13:22:01.532] [DEBUG] cheese - login => username:admin,password:123456
[2021-03-21T13:22:01.532] [DEBUG] cheese - admin
[2021-03-21T13:22:01.534] [DEBUG] cheese - null
[2021-03-21T13:22:01.535] [DEBUG] cheese - null
[2021-03-21T13:22:04.446] [DEBUG] cheese - login => username:admin,password:123456
[2021-03-21T13:22:04.447] [DEBUG] cheese - admin
[2021-03-21T13:22:04.451] [DEBUG] cheese - null
[2021-03-21T13:22:04.451] [DEBUG] cheese - null
[2021-03-21T13:22:17.166] [DEBUG] cheese - login => username:admin,password:123456
[2021-03-21T13:22:17.166] [DEBUG] cheese - admin
[2021-03-21T13:22:17.168] [DEBUG] cheese - null
[2021-03-21T13:22:17.168] [DEBUG] cheese - null
[2021-03-21T13:24:29.909] [DEBUG] cheese - login => username:admin,password:123456
[2021-03-21T13:24:29.910] [DEBUG] cheese - admin
[2021-03-21T13:24:29.911] [DEBUG] cheese - null
[2021-03-21T13:24:29.912] [DEBUG] cheese - null
[2021-03-21T13:24:35.158] [DEBUG] cheese - login => username:admin,password:123456
[2021-03-21T13:24:35.158] [DEBUG] cheese - admin
[2021-03-21T13:24:35.162] [DEBUG] cheese - null
[2021-03-21T13:24:35.162] [DEBUG] cheese - null
[2021-03-21T13:24:35.610] [DEBUG] cheese - login => username:admin,password:123456
[2021-03-21T13:24:35.610] [DEBUG] cheese - admin
[2021-03-21T13:24:35.612] [DEBUG] cheese - null
[2021-03-21T13:24:35.612] [DEBUG] cheese - null
[2021-03-21T13:24:42.298] [DEBUG] cheese - login => username:admin,password:123456
[2021-03-21T13:24:42.298] [DEBUG] cheese - admin
[2021-03-21T13:24:42.301] [DEBUG] cheese - null
[2021-03-21T13:24:42.301] [DEBUG] cheese - null
[2021-03-21T13:24:56.672] [DEBUG] cheese - login => username:admin,password:123456
[2021-03-21T13:24:56.672] [DEBUG] cheese - admin
[2021-03-21T13:24:56.674] [DEBUG] cheese - null
[2021-03-21T13:24:56.674] [DEBUG] cheese - null
[2021-03-21T13:25:00.198] [DEBUG] cheese - login => username:admin,password:123456
[2021-03-21T13:25:00.198] [DEBUG] cheese - admin
[2021-03-21T13:25:00.201] [DEBUG] cheese - null
[2021-03-21T13:25:00.201] [DEBUG] cheese - null
[2021-03-21T13:28:04.636] [DEBUG] cheese - login => username:admin,password:123456
[2021-03-21T13:28:04.636] [DEBUG] cheese - admin
[2021-03-21T13:28:04.639] [DEBUG] cheese - null
[2021-03-21T13:28:04.639] [DEBUG] cheese - null
[2021-03-21T13:31:33.971] [DEBUG] cheese - login => username:admin,password:123456
[2021-03-21T13:31:33.971] [DEBUG] cheese - admin
[2021-03-21T13:31:33.973] [DEBUG] cheese - null
[2021-03-21T13:31:33.973] [DEBUG] cheese - null
[2021-03-21T13:31:55.371] [DEBUG] cheese - login => username:admin,password:123456
[2021-03-21T13:31:55.371] [DEBUG] cheese - admin
[2021-03-21T13:31:55.373] [DEBUG] cheese - null
[2021-03-21T13:31:55.373] [DEBUG] cheese - null
[2021-03-21T13:33:29.656] [DEBUG] cheese - login => username:admin,password:123456
[2021-03-21T13:33:29.656] [DEBUG] cheese - admin
[2021-03-21T13:33:29.662] [DEBUG] cheese - null
[2021-03-21T13:33:29.662] [DEBUG] cheese - null
[2021-03-21T13:33:32.342] [DEBUG] cheese - login => username:admin,password:123456
[2021-03-21T13:33:32.342] [DEBUG] cheese - admin
[2021-03-21T13:33:32.350] [DEBUG] cheese - null
[2021-03-21T13:33:32.350] [DEBUG] cheese - null
[2021-03-21T13:33:36.515] [DEBUG] cheese - login => username:admin,password:123456
[2021-03-21T13:33:36.515] [DEBUG] cheese - admin
[2021-03-21T13:33:36.519] [DEBUG] cheese - null
[2021-03-21T13:33:36.519] [DEBUG] cheese - null
[2021-03-21T13:33:42.858] [DEBUG] cheese - login => username:admin,password:123456
[2021-03-21T13:33:42.859] [DEBUG] cheese - admin
[2021-03-21T13:33:42.867] [DEBUG] cheese - null
[2021-03-21T13:33:42.868] [DEBUG] cheese - null
[2021-03-21T14:03:41.630] [DEBUG] cheese - login => username:admin,password:123456
[2021-03-21T14:03:41.631] [DEBUG] cheese - admin
[2021-03-21T14:03:41.653] [DEBUG] cheese - null
[2021-03-21T14:03:41.654] [DEBUG] cheese - null
[2021-03-21T14:50:57.602] [DEBUG] cheese - login => username:admin,password:123456
[2021-03-21T14:50:57.603] [DEBUG] cheese - admin
[2021-03-21T14:50:57.637] [DEBUG] cheese - null
[2021-03-21T14:50:57.637] [DEBUG] cheese - null
[2021-03-21T16:08:02.106] [DEBUG] cheese - login => username:admin,password:123456
[2021-03-21T16:08:02.107] [DEBUG] cheese - admin
[2021-03-21T16:08:02.168] [DEBUG] cheese - null
[2021-03-21T16:08:02.168] [DEBUG] cheese - null
[2021-03-21T16:08:42.771] [DEBUG] cheese - login => username:admin,password:123456
[2021-03-21T16:08:42.772] [DEBUG] cheese - admin
[2021-03-21T16:08:42.775] [DEBUG] cheese - null
[2021-03-21T16:08:42.775] [DEBUG] cheese - null
[2021-03-21T16:38:46.096] [DEBUG] cheese - login => username:admin,password:123456
[2021-03-21T16:38:46.097] [DEBUG] cheese - admin
[2021-03-21T16:38:46.133] [DEBUG] cheese - null
[2021-03-21T16:38:46.133] [DEBUG] cheese - null
[2021-03-21T16:46:09.272] [DEBUG] cheese - login => username:admin,password:123456
[2021-03-21T16:46:09.273] [DEBUG] cheese - admin
[2021-03-21T16:46:09.285] [DEBUG] cheese - null
[2021-03-21T16:46:09.286] [DEBUG] cheese - null
[2021-03-21T16:46:14.732] [DEBUG] cheese - login => username:admin,password:123456
[2021-03-21T16:46:14.732] [DEBUG] cheese - admin
[2021-03-21T16:46:14.736] [DEBUG] cheese - null
[2021-03-21T16:46:14.736] [DEBUG] cheese - null
[2021-03-21T16:46:30.848] [DEBUG] cheese - login => username:admin,password:123456
[2021-03-21T16:46:30.848] [DEBUG] cheese - admin
[2021-03-21T16:46:30.851] [DEBUG] cheese - null
[2021-03-21T16:46:30.851] [DEBUG] cheese - null
[2021-03-21T16:50:08.194] [DEBUG] cheese - login => username:admin,password:123456
[2021-03-21T16:50:08.195] [DEBUG] cheese - admin
[2021-03-21T16:50:08.207] [DEBUG] cheese - null
[2021-03-21T16:50:08.207] [DEBUG] cheese - null
[2021-03-21T16:54:47.656] [DEBUG] cheese - login => username:admin,password:123456
[2021-03-21T16:54:47.658] [DEBUG] cheese - admin
[2021-03-21T16:54:47.673] [DEBUG] cheese - null
[2021-03-21T16:54:47.673] [DEBUG] cheese - null
[2021-03-21T16:56:10.446] [DEBUG] cheese - login => username:admin,password:123456
[2021-03-21T16:56:10.447] [DEBUG] cheese - admin
[2021-03-21T16:56:10.458] [DEBUG] cheese - null
[2021-03-21T16:56:10.459] [DEBUG] cheese - null
[2021-03-21T16:59:46.708] [DEBUG] cheese - login => username:admin,password:123456
[2021-03-21T16:59:46.708] [DEBUG] cheese - admin
[2021-03-21T16:59:46.713] [DEBUG] cheese - null
[2021-03-21T16:59:46.713] [DEBUG] cheese - null
[2021-03-21T17:00:14.946] [DEBUG] cheese - login => username:admin,password:123456
[2021-03-21T17:00:14.946] [DEBUG] cheese - admin
[2021-03-21T17:00:14.948] [DEBUG] cheese - null
[2021-03-21T17:00:14.949] [DEBUG] cheese - null
[2021-03-21T17:01:05.224] [DEBUG] cheese - login => username:admin,password:123456
[2021-03-21T17:01:05.225] [DEBUG] cheese - admin
[2021-03-21T17:01:05.238] [DEBUG] cheese - null
[2021-03-21T17:01:05.238] [DEBUG] cheese - null
[2021-03-21T17:01:49.452] [DEBUG] cheese - login => username:admin,password:123456
[2021-03-21T17:01:49.452] [DEBUG] cheese - admin
[2021-03-21T17:01:49.454] [DEBUG] cheese - null
[2021-03-21T17:01:49.455] [DEBUG] cheese - null
[2021-03-21T17:02:01.554] [DEBUG] cheese - login => username:admin,password:123456
[2021-03-21T17:02:01.554] [DEBUG] cheese - admin
[2021-03-21T17:02:01.555] [DEBUG] cheese - null
[2021-03-21T17:02:01.556] [DEBUG] cheese - null
[2021-03-21T17:07:28.298] [DEBUG] cheese - login => username:admin,password:123456
[2021-03-21T17:07:28.298] [DEBUG] cheese - admin
[2021-03-21T17:07:28.303] [DEBUG] cheese - null
[2021-03-21T17:07:28.304] [DEBUG] cheese - null
[2021-03-21T17:10:54.682] [DEBUG] cheese - login => username:admin,password:123456
[2021-03-21T17:10:54.682] [DEBUG] cheese - admin
[2021-03-21T17:10:54.684] [DEBUG] cheese - null
[2021-03-21T17:10:54.684] [DEBUG] cheese - null
[2021-03-21T17:11:02.382] [DEBUG] cheese - login => username:admin,password:123456
[2021-03-21T17:11:02.382] [DEBUG] cheese - admin
[2021-03-21T17:11:02.384] [DEBUG] cheese - null
[2021-03-21T17:11:02.384] [DEBUG] cheese - null
[2021-03-21T17:14:51.960] [DEBUG] cheese - login => username:admin,password:123456
[2021-03-21T17:14:51.960] [DEBUG] cheese - admin
[2021-03-21T17:14:51.964] [DEBUG] cheese - null
[2021-03-21T17:14:51.965] [DEBUG] cheese - null
[2021-03-21T19:18:32.810] [DEBUG] cheese - login => username:admin,password:123456
[2021-03-21T19:18:32.812] [DEBUG] cheese - admin
[2021-03-21T19:18:32.833] [DEBUG] cheese - null
[2021-03-21T19:18:32.833] [DEBUG] cheese - null
[2021-03-21T19:19:58.136] [DEBUG] cheese - login => username:admin,password:123456
[2021-03-21T19:19:58.136] [DEBUG] cheese - admin
[2021-03-21T19:19:58.138] [DEBUG] cheese - null
[2021-03-21T19:19:58.138] [DEBUG] cheese - null
[2021-03-21T19:48:02.676] [DEBUG] cheese - login => username:admin,password:123456
[2021-03-21T19:48:02.677] [DEBUG] cheese - admin
[2021-03-21T19:48:02.693] [DEBUG] cheese - null
[2021-03-21T19:48:02.693] [DEBUG] cheese - null
[2021-03-21T19:48:11.108] [DEBUG] cheese - login => username:admin,password:123456
[2021-03-21T19:48:11.108] [DEBUG] cheese - admin
[2021-03-21T19:48:11.110] [DEBUG] cheese - null
[2021-03-21T19:48:11.110] [DEBUG] cheese - null
[2021-03-21T19:49:13.082] [DEBUG] cheese - login => username:admin,password:123456
[2021-03-21T19:49:13.082] [DEBUG] cheese - admin
[2021-03-21T19:49:13.088] [DEBUG] cheese - null
[2021-03-21T19:49:13.088] [DEBUG] cheese - null
[2021-03-21T20:15:07.510] [DEBUG] cheese - login => username:admin,password:123456
[2021-03-21T20:15:07.512] [DEBUG] cheese - admin
[2021-03-21T20:15:07.517] [DEBUG] cheese - null
[2021-03-21T20:15:07.517] [DEBUG] cheese - null
[2021-03-21T20:51:28.476] [DEBUG] cheese - login => username:admin,password:123456
[2021-03-21T20:51:28.477] [DEBUG] cheese - admin
[2021-03-21T20:51:28.486] [DEBUG] cheese - null
[2021-03-21T20:51:28.486] [DEBUG] cheese - null
[2021-03-21T20:51:50.655] [DEBUG] cheese - login => username:admin,password:123456
[2021-03-21T20:51:50.656] [DEBUG] cheese - admin
[2021-03-21T20:51:50.657] [DEBUG] cheese - null
[2021-03-21T20:51:50.658] [DEBUG] cheese - null
[2021-03-21T20:52:07.994] [DEBUG] cheese - login => username:admin,password:123456
[2021-03-21T20:52:07.995] [DEBUG] cheese - admin
[2021-03-21T20:52:07.996] [DEBUG] cheese - null
[2021-03-21T20:52:07.997] [DEBUG] cheese - null
[2021-03-21T20:54:54.852] [DEBUG] cheese - login => username:admin,password:123456
[2021-03-21T20:54:54.852] [DEBUG] cheese - admin
[2021-03-21T20:54:54.855] [DEBUG] cheese - null
[2021-03-21T20:54:54.855] [DEBUG] cheese - null
[2021-03-21T20:55:01.395] [DEBUG] cheese - login => username:admin,password:123456
[2021-03-21T20:55:01.395] [DEBUG] cheese - admin
[2021-03-21T20:55:01.397] [DEBUG] cheese - null
[2021-03-21T20:55:01.397] [DEBUG] cheese - null
[2021-03-21T21:09:19.116] [DEBUG] cheese - login => username:admin,password:123456
[2021-03-21T21:09:19.116] [DEBUG] cheese - admin
[2021-03-21T21:09:19.118] [DEBUG] cheese - null
[2021-03-21T21:09:19.119] [DEBUG] cheese - null
[2021-03-21T22:24:05.171] [DEBUG] cheese - login => username:admin,password:123456
[2021-03-21T22:24:05.172] [DEBUG] cheese - admin
[2021-03-21T22:24:05.177] [DEBUG] cheese - null
[2021-03-21T22:24:05.177] [DEBUG] cheese - null
[2021-03-21T22:45:14.545] [DEBUG] cheese - login => username:admin,password:123456
[2021-03-21T22:45:14.546] [DEBUG] cheese - admin
[2021-03-21T22:45:14.550] [DEBUG] cheese - null
[2021-03-21T22:45:14.550] [DEBUG] cheese - null
[2021-03-21T22:45:30.909] [DEBUG] cheese - login => username:admin,password:123456
[2021-03-21T22:45:30.910] [DEBUG] cheese - admin
[2021-03-21T22:45:30.912] [DEBUG] cheese - null
[2021-03-21T22:45:30.912] [DEBUG] cheese - null
[2021-03-21T22:45:39.455] [DEBUG] cheese - login => username:admin,password:123456
[2021-03-21T22:45:39.456] [DEBUG] cheese - admin
[2021-03-21T22:45:39.458] [DEBUG] cheese - null
[2021-03-21T22:45:39.458] [DEBUG] cheese - null
[2021-03-21T23:04:59.032] [DEBUG] cheese - login => username:admin,password:123456
[2021-03-21T23:04:59.033] [DEBUG] cheese - admin
[2021-03-21T23:04:59.035] [DEBUG] cheese - null
[2021-03-21T23:04:59.035] [DEBUG] cheese - null
[2021-03-21T23:07:51.143] [DEBUG] cheese - login => username:admin,password:123456
[2021-03-21T23:07:51.143] [DEBUG] cheese - admin
[2021-03-21T23:07:51.145] [DEBUG] cheese - null
[2021-03-21T23:07:51.145] [DEBUG] cheese - null
[2021-03-21T23:11:51.917] [DEBUG] cheese - login => username:admin,password:123456
[2021-03-21T23:11:51.917] [DEBUG] cheese - admin
[2021-03-21T23:11:51.919] [DEBUG] cheese - null
[2021-03-21T23:11:51.919] [DEBUG] cheese - null
[2021-03-21T23:15:19.688] [DEBUG] cheese - login => username:admin,password:123456
[2021-03-21T23:15:19.688] [DEBUG] cheese - admin
[2021-03-21T23:15:19.691] [DEBUG] cheese - null
[2021-03-21T23:15:19.691] [DEBUG] cheese - null
[2021-03-21T23:34:58.105] [DEBUG] cheese - login => username:admin,password:123456
[2021-03-21T23:34:58.107] [DEBUG] cheese - admin
[2021-03-21T23:34:58.138] [DEBUG] cheese - null
[2021-03-21T23:34:58.139] [DEBUG] cheese - null
[2021-03-21T23:41:04.655] [DEBUG] cheese - login => username:admin,password:123456
[2021-03-21T23:41:04.656] [DEBUG] cheese - admin
[2021-03-21T23:41:04.661] [DEBUG] cheese - null
[2021-03-21T23:41:04.662] [DEBUG] cheese - null
[2021-03-21T23:45:23.873] [DEBUG] cheese - login => username:admin,password:123456
[2021-03-21T23:45:23.873] [DEBUG] cheese - admin
[2021-03-21T23:45:23.879] [DEBUG] cheese - null
[2021-03-21T23:45:23.880] [DEBUG] cheese - null
[2021-03-21T23:50:14.903] [DEBUG] cheese - login => username:admin,password:123456
[2021-03-21T23:50:14.903] [DEBUG] cheese - admin
[2021-03-21T23:50:14.908] [DEBUG] cheese - null
[2021-03-21T23:50:14.909] [DEBUG] cheese - null
[2021-03-22T11:17:30.544] [DEBUG] cheese - login => username:admin,password:123456
[2021-03-22T11:17:30.545] [DEBUG] cheese - admin
[2021-03-22T11:17:30.594] [DEBUG] cheese - null
[2021-03-22T11:17:30.595] [DEBUG] cheese - null
[2021-03-22T20:25:26.511] [DEBUG] cheese - login => username:admin,password:123456
[2021-03-22T20:25:26.512] [DEBUG] cheese - admin
[2021-03-22T20:25:26.561] [DEBUG] cheese - null
[2021-03-22T20:25:26.562] [DEBUG] cheese - null
[2021-03-22T21:06:13.183] [DEBUG] cheese - login => username:admin,password:123456
[2021-03-22T21:06:13.184] [DEBUG] cheese - admin
[2021-03-22T21:06:13.190] [DEBUG] cheese - null
[2021-03-22T21:06:13.190] [DEBUG] cheese - null
[2021-03-22T21:12:57.456] [DEBUG] cheese - login => username:admin,password:123456
[2021-03-22T21:12:57.456] [DEBUG] cheese - admin
[2021-03-22T21:12:57.459] [DEBUG] cheese - null
[2021-03-22T21:12:57.459] [DEBUG] cheese - null
[2021-03-22T21:14:45.545] [DEBUG] cheese - login => username:admin,password:123456
[2021-03-22T21:14:45.545] [DEBUG] cheese - admin
[2021-03-22T21:14:45.548] [DEBUG] cheese - null
[2021-03-22T21:14:45.548] [DEBUG] cheese - null
[2021-03-22T21:18:10.593] [DEBUG] cheese - login => username:admin,password:123456
[2021-03-22T21:18:10.593] [DEBUG] cheese - admin
[2021-03-22T21:18:10.595] [DEBUG] cheese - null
[2021-03-22T21:18:10.595] [DEBUG] cheese - null
[2021-03-22T21:24:46.864] [DEBUG] cheese - login => username:admin,password:123456
[2021-03-22T21:24:46.864] [DEBUG] cheese - admin
[2021-03-22T21:24:46.866] [DEBUG] cheese - null
[2021-03-22T21:24:46.866] [DEBUG] cheese - null
[2021-03-22T21:31:34.181] [DEBUG] cheese - login => username:admin,password:123456
[2021-03-22T21:31:34.181] [DEBUG] cheese - admin
[2021-03-22T21:31:34.183] [DEBUG] cheese - null
[2021-03-22T21:31:34.183] [DEBUG] cheese - null
[2021-03-22T21:43:13.850] [DEBUG] cheese - login => username:admin,password:123456
[2021-03-22T21:43:13.850] [DEBUG] cheese - admin
[2021-03-22T21:43:13.852] [DEBUG] cheese - null
[2021-03-22T21:43:13.853] [DEBUG] cheese - null
[2021-03-22T22:17:20.865] [DEBUG] cheese - login => username:admin,password:123456
[2021-03-22T22:17:20.866] [DEBUG] cheese - admin
[2021-03-22T22:17:20.896] [DEBUG] cheese - null
[2021-03-22T22:17:20.896] [DEBUG] cheese - null
[2021-03-22T22:37:07.608] [DEBUG] cheese - login => username:admin,password:123456
[2021-03-22T22:37:07.608] [DEBUG] cheese - admin
[2021-03-22T22:37:07.615] [DEBUG] cheese - null
[2021-03-22T22:37:07.616] [DEBUG] cheese - null
[2021-03-23T09:47:18.341] [DEBUG] cheese - login => username:admin,password:123456
[2021-03-23T09:47:18.342] [DEBUG] cheese - admin
[2021-03-23T09:47:18.382] [DEBUG] cheese - null
[2021-03-23T09:47:18.383] [DEBUG] cheese - null
[2021-03-23T09:54:37.417] [DEBUG] cheese - login => username:admin,password:123456
[2021-03-23T09:54:37.418] [DEBUG] cheese - admin
[2021-03-23T09:54:37.420] [DEBUG] cheese - null
[2021-03-23T09:54:37.420] [DEBUG] cheese - null
[2021-03-23T10:04:01.661] [DEBUG] cheese - login => username:admin,password:123456
[2021-03-23T10:04:01.661] [DEBUG] cheese - admin
[2021-03-23T10:04:01.664] [DEBUG] cheese - null
[2021-03-23T10:04:01.664] [DEBUG] cheese - null
[2021-03-23T10:19:47.565] [DEBUG] cheese - login => username:admin,password:123456
[2021-03-23T10:19:47.565] [DEBUG] cheese - admin
[2021-03-23T10:19:47.567] [DEBUG] cheese - null
[2021-03-23T10:19:47.567] [DEBUG] cheese - null
[2021-03-23T10:26:10.719] [DEBUG] cheese - login => username:admin,password:123456
[2021-03-23T10:26:10.720] [DEBUG] cheese - admin
[2021-03-23T10:26:10.723] [DEBUG] cheese - null
[2021-03-23T10:26:10.723] [DEBUG] cheese - null
[2021-03-23T10:46:32.924] [DEBUG] cheese - login => username:admin,password:123456
[2021-03-23T10:46:32.924] [DEBUG] cheese - admin
[2021-03-23T10:46:32.927] [DEBUG] cheese - null
[2021-03-23T10:46:32.927] [DEBUG] cheese - null
[2021-03-23T10:59:45.381] [DEBUG] cheese - login => username:admin,password:123456
[2021-03-23T10:59:45.381] [DEBUG] cheese - admin
[2021-03-23T10:59:45.383] [DEBUG] cheese - null
[2021-03-23T10:59:45.384] [DEBUG] cheese - null
[2021-03-23T13:14:40.566] [DEBUG] cheese - login => username:admin,password:123456
[2021-03-23T13:14:40.567] [DEBUG] cheese - admin
[2021-03-23T13:14:40.569] [DEBUG] cheese - null
[2021-03-23T13:14:40.569] [DEBUG] cheese - null
[2021-03-23T13:56:14.436] [DEBUG] cheese - login => username:admin,password:123456
[2021-03-23T13:56:14.436] [DEBUG] cheese - admin
[2021-03-23T13:56:14.441] [DEBUG] cheese - null
[2021-03-23T13:56:14.441] [DEBUG] cheese - null
[2021-03-23T15:09:26.701] [DEBUG] cheese - login => username:admin,password:123456
[2021-03-23T15:09:26.701] [DEBUG] cheese - admin
[2021-03-23T15:09:26.704] [DEBUG] cheese - null
[2021-03-23T15:09:26.704] [DEBUG] cheese - null
[2021-03-28T10:43:11.013] [DEBUG] cheese - login => username:admin,password:123456
[2021-03-28T10:43:11.015] [DEBUG] cheese - admin
[2021-03-28T10:43:11.158] [DEBUG] cheese - null
[2021-03-28T10:43:11.159] [DEBUG] cheese - null
[2021-03-28T10:47:19.556] [DEBUG] cheese - login => username:admin,password:123456
[2021-03-28T10:47:19.556] [DEBUG] cheese - admin
[2021-03-28T10:47:19.559] [DEBUG] cheese - null
[2021-03-28T10:47:19.559] [DEBUG] cheese - null
[2021-03-28T10:47:39.760] [DEBUG] cheese - login => username:admin,password:123456
[2021-03-28T10:47:39.761] [DEBUG] cheese - admin
[2021-03-28T10:47:39.763] [DEBUG] cheese - null
[2021-03-28T10:47:39.763] [DEBUG] cheese - null
[2021-03-28T11:27:50.882] [DEBUG] cheese - login => username:admin,password:123456
[2021-03-28T11:27:50.882] [DEBUG] cheese - admin
[2021-03-28T11:27:50.886] [DEBUG] cheese - null
[2021-03-28T11:27:50.886] [DEBUG] cheese - null
[2021-03-28T11:59:52.357] [DEBUG] cheese - login => username:admin,password:123456
[2021-03-28T11:59:52.357] [DEBUG] cheese - admin
[2021-03-28T11:59:52.360] [DEBUG] cheese - null
[2021-03-28T11:59:52.361] [DEBUG] cheese - null
[2021-04-12T19:31:03.712] [DEBUG] cheese - login => username:admin,password:123456
[2021-04-12T19:31:03.713] [DEBUG] cheese - admin
[2021-04-12T19:31:03.816] [DEBUG] cheese - null
[2021-04-12T19:31:03.816] [DEBUG] cheese - null
[2021-04-13T16:42:00.423] [DEBUG] cheese - login => username:admin,password:123456
[2021-04-13T16:42:00.425] [DEBUG] cheese - admin
[2021-04-13T16:42:00.492] [DEBUG] cheese - null
[2021-04-13T16:42:00.493] [DEBUG] cheese - null
[2021-04-13T16:45:59.755] [DEBUG] cheese - login => username:admin,password:123456
[2021-04-13T16:45:59.755] [DEBUG] cheese - admin
[2021-04-13T16:45:59.758] [DEBUG] cheese - null
[2021-04-13T16:45:59.758] [DEBUG] cheese - null
[2021-04-13T16:53:35.827] [DEBUG] cheese - login => username:admin,password:123456
[2021-04-13T16:53:35.827] [DEBUG] cheese - admin
[2021-04-13T16:53:35.833] [DEBUG] cheese - null
[2021-04-13T16:53:35.833] [DEBUG] cheese - null
[2021-04-13T17:39:27.857] [DEBUG] cheese - login => username:admin,password:123456
[2021-04-13T17:39:27.858] [DEBUG] cheese - admin
[2021-04-13T17:39:27.863] [DEBUG] cheese - null
[2021-04-13T17:39:27.863] [DEBUG] cheese - null
[2021-04-13T21:28:23.968] [DEBUG] cheese - login => username:admin,password:123456
[2021-04-13T21:28:23.968] [DEBUG] cheese - admin
[2021-04-13T21:28:23.973] [DEBUG] cheese - null
[2021-04-13T21:28:23.973] [DEBUG] cheese - null
[2021-04-14T19:44:08.257] [DEBUG] cheese - login => username:admin,password:123456
[2021-04-14T19:44:08.258] [DEBUG] cheese - admin
[2021-04-14T19:44:08.302] [DEBUG] cheese - null
[2021-04-14T19:44:08.303] [DEBUG] cheese - null
[2021-04-14T20:29:58.632] [DEBUG] cheese - login => username:admin,password:123456
[2021-04-14T20:29:58.633] [DEBUG] cheese - admin
[2021-04-14T20:29:58.638] [DEBUG] cheese - null
[2021-04-14T20:29:58.639] [DEBUG] cheese - null
[2021-04-14T20:50:44.727] [DEBUG] cheese - login => username:admin,password:123456
[2021-04-14T20:50:44.728] [DEBUG] cheese - admin
[2021-04-14T20:50:44.731] [DEBUG] cheese - null
[2021-04-14T20:50:44.731] [DEBUG] cheese - null
[2021-04-14T21:04:10.157] [DEBUG] cheese - null
[2021-04-14T21:04:27.946] [DEBUG] cheese - null
[2021-04-14T21:06:25.848] [DEBUG] cheese - null
[2021-04-14T21:08:37.072] [DEBUG] cheese - null
[2021-04-14T21:08:41.003] [DEBUG] cheese - null
[2021-04-14T21:08:43.255] [DEBUG] cheese - null
[2021-04-14T21:16:59.374] [DEBUG] cheese - login => username:admin,password:123456
[2021-04-14T21:16:59.375] [DEBUG] cheese - admin
[2021-04-14T21:16:59.377] [DEBUG] cheese - null
[2021-04-14T21:16:59.377] [DEBUG] cheese - null
[2021-04-15T14:14:10.921] [DEBUG] cheese - login => username:admin,password:123456
[2021-04-15T14:14:10.923] [DEBUG] cheese - admin
[2021-04-15T14:14:10.976] [DEBUG] cheese - null
[2021-04-15T14:14:10.977] [DEBUG] cheese - null
[2021-04-15T14:29:41.397] [DEBUG] cheese - login => username:admin,password:123456
[2021-04-15T14:29:41.397] [DEBUG] cheese - admin
[2021-04-15T14:29:41.399] [DEBUG] cheese - null
[2021-04-15T14:29:41.399] [DEBUG] cheese - null
[2021-04-15T14:33:25.093] [DEBUG] cheese - login => username:admin,password:123456
[2021-04-15T14:33:25.093] [DEBUG] cheese - admin
[2021-04-15T14:33:25.098] [DEBUG] cheese - null
[2021-04-15T14:33:25.098] [DEBUG] cheese - null
[2021-04-15T14:51:16.741] [DEBUG] cheese - null
[2021-04-15T14:51:18.538] [DEBUG] cheese - null
[2021-04-15T14:53:37.375] [DEBUG] cheese - null
[2021-04-15T14:53:39.798] [DEBUG] cheese - null
[2021-04-15T15:00:19.195] [DEBUG] cheese - login => username:admin,password:123456
[2021-04-15T15:00:19.195] [DEBUG] cheese - admin
[2021-04-15T15:00:19.201] [DEBUG] cheese - null
[2021-04-15T15:00:19.201] [DEBUG] cheese - null
[2021-04-15T19:53:51.276] [DEBUG] cheese - login => username:admin,password:123456
[2021-04-15T19:53:51.280] [DEBUG] cheese - admin
[2021-04-15T19:53:51.288] [DEBUG] cheese - null
[2021-04-15T19:53:51.289] [DEBUG] cheese - null
[2021-04-15T20:30:21.377] [DEBUG] cheese - login => username:admin,password:123456
[2021-04-15T20:30:21.378] [DEBUG] cheese - admin
[2021-04-15T20:30:21.382] [DEBUG] cheese - null
[2021-04-15T20:30:21.383] [DEBUG] cheese - null
[2021-04-15T21:37:47.493] [DEBUG] cheese - login => username:admin,password:123456
[2021-04-15T21:37:47.494] [DEBUG] cheese - admin
[2021-04-15T21:37:47.500] [DEBUG] cheese - null
[2021-04-15T21:37:47.500] [DEBUG] cheese - null
[2021-04-15T21:56:25.355] [DEBUG] cheese - login => username:admin,password:123456
[2021-04-15T21:56:25.356] [DEBUG] cheese - admin
[2021-04-15T21:56:25.361] [DEBUG] cheese - null
[2021-04-15T21:56:25.361] [DEBUG] cheese - null
[2021-05-13T16:50:39.790] [DEBUG] cheese - login => username:admin,password:123456
[2021-05-13T16:50:39.792] [DEBUG] cheese - admin
[2021-05-13T16:50:39.953] [DEBUG] cheese - null
[2021-05-13T16:50:39.953] [DEBUG] cheese - null
[2021-05-13T17:08:04.332] [DEBUG] cheese - login => username:admin,password:123456
[2021-05-13T17:08:04.336] [DEBUG] cheese - admin
[2021-05-13T17:08:04.343] [DEBUG] cheese - null
[2021-05-13T17:08:04.344] [DEBUG] cheese - null
[2021-05-13T17:37:58.963] [DEBUG] cheese - login => username:admin,password:123456
[2021-05-13T17:37:58.966] [DEBUG] cheese - admin
[2021-05-13T17:37:58.973] [DEBUG] cheese - null
[2021-05-13T17:37:58.973] [DEBUG] cheese - null
[2021-05-13T17:58:23.750] [DEBUG] cheese - login => username:admin,password:123456
[2021-05-13T17:58:23.751] [DEBUG] cheese - admin
[2021-05-13T17:58:23.752] [DEBUG] cheese - null
[2021-05-13T17:58:23.753] [DEBUG] cheese - null
[2021-05-13T18:02:19.034] [DEBUG] cheese - login => username:admin,password:123456
[2021-05-13T18:02:19.035] [DEBUG] cheese - admin
[2021-05-13T18:02:19.038] [DEBUG] cheese - null
[2021-05-13T18:02:19.039] [DEBUG] cheese - null
[2021-05-13T18:27:09.999] [DEBUG] cheese - login => username:admin,password:123456
[2021-05-13T18:27:10.000] [DEBUG] cheese - admin
[2021-05-13T18:27:10.006] [DEBUG] cheese - null
[2021-05-13T18:27:10.006] [DEBUG] cheese - null
[2021-05-13T20:23:41.978] [DEBUG] cheese - login => username:admin,password:123456
[2021-05-13T20:23:41.981] [DEBUG] cheese - admin
[2021-05-13T20:23:41.985] [DEBUG] cheese - null
[2021-05-13T20:23:41.985] [DEBUG] cheese - null
[2021-05-13T20:42:59.891] [DEBUG] cheese - login => username:admin,password:123456
[2021-05-13T20:42:59.892] [DEBUG] cheese - admin
[2021-05-13T20:42:59.895] [DEBUG] cheese - null
[2021-05-13T20:42:59.896] [DEBUG] cheese - null
[2021-05-13T20:53:27.924] [DEBUG] cheese - login => username:admin,password:123456
[2021-05-13T20:53:27.926] [DEBUG] cheese - admin
[2021-05-13T20:53:27.929] [DEBUG] cheese - null
[2021-05-13T20:53:27.930] [DEBUG] cheese - null
[2021-05-13T21:28:02.509] [DEBUG] cheese - login => username:admin,password:123456
[2021-05-13T21:28:02.511] [DEBUG] cheese - admin
[2021-05-13T21:28:02.516] [DEBUG] cheese - null
[2021-05-13T21:28:02.516] [DEBUG] cheese - null
[2021-05-13T21:38:43.152] [DEBUG] cheese - login => username:admin,password:123456
[2021-05-13T21:38:43.154] [DEBUG] cheese - admin
[2021-05-13T21:38:43.156] [DEBUG] cheese - null
[2021-05-13T21:38:43.157] [DEBUG] cheese - null
[2021-05-13T21:57:18.753] [DEBUG] cheese - login => username:admin,password:123456
[2021-05-13T21:57:18.757] [DEBUG] cheese - admin
[2021-05-13T21:57:18.768] [DEBUG] cheese - null
[2021-05-13T21:57:18.770] [DEBUG] cheese - null
[2021-05-14T15:38:50.766] [DEBUG] cheese - login => username:admin,password:123456
[2021-05-14T15:38:50.767] [DEBUG] cheese - admin
[2021-05-14T15:38:50.797] [DEBUG] cheese - null
[2021-05-14T15:38:50.797] [DEBUG] cheese - null
[2021-05-14T15:48:00.729] [DEBUG] cheese - login => username:admin,password:123456
[2021-05-14T15:48:00.730] [DEBUG] cheese - admin
[2021-05-14T15:48:00.739] [DEBUG] cheese - null
[2021-05-14T15:48:00.740] [DEBUG] cheese - null
[2021-05-14T16:19:24.242] [DEBUG] cheese - login => username:admin,password:123456
[2021-05-14T16:19:24.244] [DEBUG] cheese - admin
[2021-05-14T16:19:24.250] [DEBUG] cheese - null
[2021-05-14T16:19:24.251] [DEBUG] cheese - null
[2021-05-14T16:34:46.730] [DEBUG] cheese - login => username:admin,password:123456
[2021-05-14T16:34:46.732] [DEBUG] cheese - admin
[2021-05-14T16:34:46.738] [DEBUG] cheese - null
[2021-05-14T16:34:46.739] [DEBUG] cheese - null
[2021-05-14T16:42:19.892] [DEBUG] cheese - login => username:admin,password:123456
[2021-05-14T16:42:19.893] [DEBUG] cheese - admin
[2021-05-14T16:42:19.899] [DEBUG] cheese - null
[2021-05-14T16:42:19.899] [DEBUG] cheese - null
[2021-05-14T16:55:13.882] [DEBUG] cheese - login => username:admin,password:123456
[2021-05-14T16:55:13.885] [DEBUG] cheese - admin
[2021-05-14T16:55:13.899] [DEBUG] cheese - null
[2021-05-14T16:55:13.902] [DEBUG] cheese - null
[2021-05-14T17:00:41.548] [DEBUG] cheese - login => username:admin,password:123456
[2021-05-14T17:00:41.550] [DEBUG] cheese - admin
[2021-05-14T17:00:41.554] [DEBUG] cheese - null
[2021-05-14T17:00:41.555] [DEBUG] cheese - null
[2021-05-14T20:45:34.041] [DEBUG] cheese - login => username:admin,password:123456
[2021-05-14T20:45:34.044] [DEBUG] cheese - admin
[2021-05-14T20:45:34.064] [DEBUG] cheese - null
[2021-05-14T20:45:34.065] [DEBUG] cheese - null
[2021-05-14T20:51:20.266] [DEBUG] cheese - login => username:admin,password:123456
[2021-05-14T20:51:20.266] [DEBUG] cheese - admin
[2021-05-14T20:51:20.277] [DEBUG] cheese - null
[2021-05-14T20:51:20.278] [DEBUG] cheese - null
[2021-05-14T21:02:10.434] [DEBUG] cheese - login => username:admin,password:123456
[2021-05-14T21:02:10.434] [DEBUG] cheese - admin
[2021-05-14T21:02:10.436] [DEBUG] cheese - null
[2021-05-14T21:02:10.436] [DEBUG] cheese - null
[2021-05-14T21:52:41.243] [DEBUG] cheese - login => username:admin,password:123456
[2021-05-14T21:52:41.243] [DEBUG] cheese - admin
[2021-05-14T21:52:41.246] [DEBUG] cheese - null
[2021-05-14T21:52:41.246] [DEBUG] cheese - null
[2021-05-14T21:55:48.767] [DEBUG] cheese - login => username:admin,password:123456
[2021-05-14T21:55:48.767] [DEBUG] cheese - admin
[2021-05-14T21:55:48.769] [DEBUG] cheese - null
[2021-05-14T21:55:48.770] [DEBUG] cheese - null
[2021-05-15T13:18:51.018] [DEBUG] cheese - login => username:admin,password:123456
[2021-05-15T13:18:51.019] [DEBUG] cheese - admin
[2021-05-15T13:18:51.037] [DEBUG] cheese - null
[2021-05-15T13:18:51.037] [DEBUG] cheese - null
[2021-05-15T17:01:34.536] [DEBUG] cheese - login => username:admin,password:123456
[2021-05-15T17:01:34.538] [DEBUG] cheese - admin
[2021-05-15T17:01:34.548] [DEBUG] cheese - null
[2021-05-15T17:01:34.549] [DEBUG] cheese - null
[2021-05-15T21:38:56.609] [DEBUG] cheese - login => username:admin,password:123456
[2021-05-15T21:38:56.611] [DEBUG] cheese - admin
[2021-05-15T21:38:56.621] [DEBUG] cheese - null
[2021-05-15T21:38:56.622] [DEBUG] cheese - null
[2021-05-15T21:58:26.633] [DEBUG] cheese - null
[2021-05-15T21:58:56.892] [DEBUG] cheese - null
[2021-05-15T21:59:50.426] [DEBUG] cheese - null
[2021-05-15T22:07:42.736] [DEBUG] cheese - login => username:admin,password:123456
[2021-05-15T22:07:42.736] [DEBUG] cheese - admin
[2021-05-15T22:07:42.739] [DEBUG] cheese - null
[2021-05-15T22:07:42.739] [DEBUG] cheese - null
[2021-05-15T22:18:24.948] [DEBUG] cheese - login => username:admin,password:123456
[2021-05-15T22:18:24.948] [DEBUG] cheese - admin
[2021-05-15T22:18:24.958] [DEBUG] cheese - null
[2021-05-15T22:18:24.959] [DEBUG] cheese - null
[2021-05-15T22:21:01.688] [DEBUG] cheese - login => username:admin,password:123456
[2021-05-15T22:21:01.688] [DEBUG] cheese - admin
[2021-05-15T22:21:01.690] [DEBUG] cheese - null
[2021-05-15T22:21:01.690] [DEBUG] cheese - null
[2021-05-15T22:38:31.536] [DEBUG] cheese - login => username:admin,password:123456
[2021-05-15T22:38:31.536] [DEBUG] cheese - admin
[2021-05-15T22:38:31.539] [DEBUG] cheese - null
[2021-05-15T22:38:31.539] [DEBUG] cheese - null
